# JRE version: OpenJDK Runtime Environment (14.0.2+13) (build 14.0.2+13)
# Java VM: OpenJDK 64-Bit Server VM (14.0.2+13, mixed mode, sharing, tiered, compressed oops, g1 gc, windows-amd64)
Heap:
 garbage-first heap   total 184320K, used 89216K [0x0000000740000000, 0x0000000800000000)
  region size 1024K, 33 young (33792K), 10 survivors (10240K)
 Metaspace       used 63071K, capacity 65376K, committed 65532K, reserved 1105920K
  class space    used 8611K, capacity 9421K, committed 9468K, reserved 1048576K
GC Heap History (20 events):
Event: 25.627 GC heap before
{Heap before GC invocations=43 (full 0):
 garbage-first heap   total 122880K, used 58774K [0x0000000740000000, 0x0000000800000000)
  region size 1024K, 5 young (5120K), 3 survivors (3072K)
 Metaspace       used 57096K, capacity 58852K, committed 59132K, reserved 1099776K
  class space    used 7763K, capacity 8404K, committed 8444K, reserved 1048576K
}
Event: 25.631 GC heap after
{Heap after GC invocations=44 (full 0):
 garbage-first heap   total 122880K, used 48591K [0x0000000740000000, 0x0000000800000000)
  region size 1024K, 3 young (3072K), 3 survivors (3072K)
 Metaspace       used 57096K, capacity 58852K, committed 59132K, reserved 1099776K
  class space    used 7763K, capacity 8404K, committed 8444K, reserved 1048576K
}
Event: 25.784 GC heap before
{Heap before GC invocations=45 (full 0):
 garbage-first heap   total 122880K, used 64975K [0x0000000740000000, 0x0000000800000000)
  region size 1024K, 4 young (4096K), 3 survivors (3072K)
 Metaspace       used 57096K, capacity 58852K, committed 59132K, reserved 1099776K
  class space    used 7763K, capacity 8404K, committed 8444K, reserved 1048576K
}
Event: 25.788 GC heap after
{Heap after GC invocations=46 (full 0):
 garbage-first heap   total 122880K, used 48628K [0x0000000740000000, 0x0000000800000000)
  region size 1024K, 3 young (3072K), 3 survivors (3072K)
 Metaspace       used 57096K, capacity 58852K, committed 59132K, reserved 1099776K
  class space    used 7763K, capacity 8404K, committed 8444K, reserved 1048576K
}
Event: 25.916 GC heap before
{Heap before GC invocations=47 (full 0):
 garbage-first heap   total 122880K, used 63988K [0x0000000740000000, 0x0000000800000000)
  region size 1024K, 4 young (4096K), 3 survivors (3072K)
 Metaspace       used 57098K, capacity 58852K, committed 59132K, reserved 1099776K
  class space    used 7763K, capacity 8404K, committed 8444K, reserved 1048576K
}
Event: 25.920 GC heap after
{Heap after GC invocations=48 (full 0):
 garbage-first heap   total 122880K, used 48623K [0x0000000740000000, 0x0000000800000000)
  region size 1024K, 3 young (3072K), 3 survivors (3072K)
 Metaspace       used 57098K, capacity 58852K, committed 59132K, reserved 1099776K
  class space    used 7763K, capacity 8404K, committed 8444K, reserved 1048576K
}
Event: 26.035 GC heap before
{Heap before GC invocations=49 (full 0):
 garbage-first heap   total 122880K, used 60911K [0x0000000740000000, 0x0000000800000000)
  region size 1024K, 4 young (4096K), 3 survivors (3072K)
 Metaspace       used 57101K, capacity 58852K, committed 59132K, reserved 1099776K
  class space    used 7763K, capacity 8404K, committed 8444K, reserved 1048576K
}
Event: 26.039 GC heap after
{Heap after GC invocations=50 (full 0):
 garbage-first heap   total 147456K, used 48681K [0x0000000740000000, 0x0000000800000000)
  region size 1024K, 3 young (3072K), 3 survivors (3072K)
 Metaspace       used 57101K, capacity 58852K, committed 59132K, reserved 1099776K
  class space    used 7763K, capacity 8404K, committed 8444K, reserved 1048576K
}
Event: 26.167 GC heap before
{Heap before GC invocations=51 (full 0):
 garbage-first heap   total 147456K, used 63017K [0x0000000740000000, 0x0000000800000000)
  region size 1024K, 4 young (4096K), 3 survivors (3072K)
 Metaspace       used 57101K, capacity 58852K, committed 59132K, reserved 1099776K
  class space    used 7763K, capacity 8404K, committed 8444K, reserved 1048576K
}
Event: 26.171 GC heap after
{Heap after GC invocations=52 (full 0):
 garbage-first heap   total 147456K, used 48658K [0x0000000740000000, 0x0000000800000000)
  region size 1024K, 3 young (3072K), 3 survivors (3072K)
 Metaspace       used 57101K, capacity 58852K, committed 59132K, reserved 1099776K
  class space    used 7763K, capacity 8404K, committed 8444K, reserved 1048576K
}
Event: 26.346 GC heap before
{Heap before GC invocations=53 (full 0):
 garbage-first heap   total 147456K, used 67090K [0x0000000740000000, 0x0000000800000000)
  region size 1024K, 4 young (4096K), 3 survivors (3072K)
 Metaspace       used 57129K, capacity 58852K, committed 59132K, reserved 1099776K
  class space    used 7763K, capacity 8404K, committed 8444K, reserved 1048576K
}
Event: 26.353 GC heap after
{Heap after GC invocations=54 (full 0):
 garbage-first heap   total 147456K, used 48697K [0x0000000740000000, 0x0000000800000000)
  region size 1024K, 3 young (3072K), 3 survivors (3072K)
 Metaspace       used 57129K, capacity 58852K, committed 59132K, reserved 1099776K
  class space    used 7763K, capacity 8404K, committed 8444K, reserved 1048576K
}
Event: 26.528 GC heap before
{Heap before GC invocations=55 (full 0):
 garbage-first heap   total 147456K, used 70201K [0x0000000740000000, 0x0000000800000000)
  region size 1024K, 7 young (7168K), 3 survivors (3072K)
 Metaspace       used 57255K, capacity 58986K, committed 59132K, reserved 1099776K
  class space    used 7764K, capacity 8405K, committed 8444K, reserved 1048576K
}
Event: 26.534 GC heap after
{Heap after GC invocations=56 (full 0):
 garbage-first heap   total 147456K, used 52795K [0x0000000740000000, 0x0000000800000000)
  region size 1024K, 3 young (3072K), 3 survivors (3072K)
 Metaspace       used 57255K, capacity 58986K, committed 59132K, reserved 1099776K
  class space    used 7764K, capacity 8405K, committed 8444K, reserved 1048576K
}
Event: 26.690 GC heap before
{Heap before GC invocations=57 (full 0):
 garbage-first heap   total 147456K, used 87611K [0x0000000740000000, 0x0000000800000000)
  region size 1024K, 5 young (5120K), 3 survivors (3072K)
 Metaspace       used 57259K, capacity 58986K, committed 59132K, reserved 1099776K
  class space    used 7764K, capacity 8405K, committed 8444K, reserved 1048576K
}
Event: 26.696 GC heap after
{Heap after GC invocations=58 (full 0):
 garbage-first heap   total 177152K, used 48726K [0x0000000740000000, 0x0000000800000000)
  region size 1024K, 3 young (3072K), 3 survivors (3072K)
 Metaspace       used 57259K, capacity 58986K, committed 59132K, reserved 1099776K
  class space    used 7764K, capacity 8405K, committed 8444K, reserved 1048576K
}
Event: 28.172 GC heap before
{Heap before GC invocations=59 (full 0):
 garbage-first heap   total 177152K, used 169558K [0x0000000740000000, 0x0000000800000000)
  region size 1024K, 101 young (103424K), 3 survivors (3072K)
 Metaspace       used 61000K, capacity 62994K, committed 63228K, reserved 1103872K
  class space    used 8333K, capacity 9101K, committed 9212K, reserved 1048576K
}
Event: 28.207 GC heap after
{Heap after GC invocations=60 (full 0):
 garbage-first heap   total 184320K, used 57880K [0x0000000740000000, 0x0000000800000000)
  region size 1024K, 12 young (12288K), 12 survivors (12288K)
 Metaspace       used 61000K, capacity 62994K, committed 63228K, reserved 1103872K
  class space    used 8333K, capacity 9101K, committed 9212K, reserved 1048576K
}
Event: 37.552 GC heap before
{Heap before GC invocations=60 (full 0):
 garbage-first heap   total 184320K, used 150040K [0x0000000740000000, 0x0000000800000000)
  region size 1024K, 103 young (105472K), 12 survivors (12288K)
 Metaspace       used 62831K, capacity 65005K, committed 65276K, reserved 1105920K
  class space    used 8594K, capacity 9407K, committed 9468K, reserved 1048576K
}
Event: 37.581 GC heap after
{Heap after GC invocations=61 (full 0):
 garbage-first heap   total 184320K, used 66688K [0x0000000740000000, 0x0000000800000000)
  region size 1024K, 10 young (10240K), 10 survivors (10240K)
 Metaspace       used 62831K, capacity 65005K, committed 65276K, reserved 1105920K
  class space    used 8594K, capacity 9407K, committed 9468K, reserved 1048576K
}

